<?xml version="1.0" encoding="UTF-8"?>
<testsuite xmlns:xsi="http://www.w3.org/2001/XMLSchema-instance" xsi:noNamespaceSchemaLocation="https://maven.apache.org/surefire/maven-surefire-plugin/xsd/surefire-test-report-3.0.xsd" version="3.0" name="com.carleton.comps.QueueTest" time="0.007" tests="7" errors="0" skipped="0" failures="0">
  <properties>
[...]
</properties>
  <testcase name="combined_usesWeights_pointSevenReviews_pointThreeBehavior_andRoundsHalfUp" classname="com.carleton.comps.QueueTest" time="0.001"/>
  <testcase name="clampsFinalToRangeOneToFive" classname="com.carleton.comps.QueueTest" time="0.0"/>
  <testcase name="reviewsOnly_whenBehaviorMissing_usesReviewsMean" classname="com.carleton.comps.QueueTest" time="0.001"/>
  <testcase name="perfectReviewsAndBehavior_scoreIs5" classname="com.carleton.comps.QueueTest" time="0.0"/>
  <testcase name="returnsNull_whenNoUsableReviewOrBehaviorSignals" classname="com.carleton.comps.QueueTest" time="0.0"/>
  <testcase name="behaviorOnly_whenReviewsMissing_averagesMappedSignals_andRounds" classname="com.carleton.comps.QueueTest" time="0.001"/>
  <testcase name="productivitySkippedWhenAssignedIsZero" classname="com.carleton.comps.QueueTest" time="0.001"/>
</testsuite>